<?xml version="1.0" encoding="UTF-8"?>
<!-- Generated by org.testng.reporters.JUnitReportReporter -->
<testsuite skipped="0" hostname="LAPTOP-4RBM713T" name="scripts.Scenarios" tests="1" failures="0" timestamp="2019-10-21T12:04:55 IST" time="18.018" errors="0">
  <testcase name="execute15" time="18.018" classname="scripts.Scenarios"/>
</testsuite> <!-- scripts.Scenarios -->
