<?xml version="1.0" encoding="UTF-8"?>
<!-- Generated by org.testng.reporters.JUnitReportReporter -->
<testsuite skipped="0" hostname="LAPTOP-4RBM713T" name="scripts.Scenario17" tests="1" failures="0" timestamp="2019-10-21T12:18:36 IST" time="15.319" errors="0">
  <testcase name="execute17" time="15.319" classname="scripts.Scenario17"/>
</testsuite> <!-- scripts.Scenario17 -->
