<?xml version="1.0" encoding="UTF-8"?>
<!-- Generated by org.testng.reporters.JUnitReportReporter -->
<testsuite skipped="0" hostname="LAPTOP-4RBM713T" name="scripts.Scenario25" tests="1" failures="0" timestamp="2019-10-21T16:46:07 IST" time="19.647" errors="0">
  <testcase name="execute25" time="19.647" classname="scripts.Scenario25"/>
</testsuite> <!-- scripts.Scenario25 -->
