<?xml version="1.0" encoding="UTF-8"?>
<!-- Generated by org.testng.reporters.JUnitReportReporter -->
<testsuite skipped="0" hostname="LAPTOP-4RBM713T" name="scripts.Scenario21" tests="1" failures="0" timestamp="2019-10-21T15:29:45 IST" time="81.271" errors="0">
  <testcase name="execute21" time="81.271" classname="scripts.Scenario21"/>
</testsuite> <!-- scripts.Scenario21 -->
