<?xml version="1.0" encoding="UTF-8"?>
<!-- Generated by org.testng.reporters.JUnitReportReporter -->
<testsuite skipped="0" hostname="LAPTOP-4RBM713T" name="scripts.Scenario23" tests="1" failures="0" timestamp="2019-10-21T15:36:00 IST" time="20.122" errors="0">
  <testcase name="execute23" time="20.122" classname="scripts.Scenario23"/>
</testsuite> <!-- scripts.Scenario23 -->
