<?xml version="1.0" encoding="UTF-8"?>
<!-- Generated by org.testng.reporters.JUnitReportReporter -->
<testsuite skipped="0" hostname="LAPTOP-4RBM713T" name="scripts.Scenario24" tests="1" failures="0" timestamp="2019-10-21T16:54:02 IST" time="18.409" errors="0">
  <testcase name="execute24" time="18.409" classname="scripts.Scenario24"/>
</testsuite> <!-- scripts.Scenario24 -->
