<?xml version="1.0" encoding="UTF-8"?>
<!-- Generated by org.testng.reporters.JUnitReportReporter -->
<testsuite skipped="0" hostname="LAPTOP-4RBM713T" name="scripts.Scenario30" tests="1" failures="0" timestamp="2019-10-22T11:46:46 IST" time="20.224" errors="0">
  <testcase name="execute30" time="20.224" classname="scripts.Scenario30"/>
</testsuite> <!-- scripts.Scenario30 -->
