<?xml version="1.0" encoding="UTF-8"?>
<!-- Generated by org.testng.reporters.JUnitReportReporter -->
<testsuite skipped="0" hostname="LAPTOP-4RBM713T" name="scripts.Scenario16" tests="1" failures="0" timestamp="2019-10-21T12:15:56 IST" time="16.059" errors="0">
  <testcase name="execute16" time="16.059" classname="scripts.Scenario16"/>
</testsuite> <!-- scripts.Scenario16 -->
