<?xml version="1.0" encoding="UTF-8"?>
<!-- Generated by org.testng.reporters.JUnitReportReporter -->
<testsuite skipped="0" hostname="LAPTOP-4RBM713T" name="scripts.Scenario15" tests="1" failures="0" timestamp="2019-10-21T13:00:51 IST" time="16.899" errors="0">
  <testcase name="execute15" time="16.899" classname="scripts.Scenario15"/>
</testsuite> <!-- scripts.Scenario15 -->
