<?xml version="1.0" encoding="UTF-8"?>
<!-- Generated by org.testng.reporters.JUnitReportReporter -->
<testsuite skipped="0" hostname="LAPTOP-4RBM713T" name="scripts.Scenario26" tests="1" failures="0" timestamp="2019-10-21T17:06:24 IST" time="68.725" errors="0">
  <testcase name="execute26" time="68.725" classname="scripts.Scenario26"/>
</testsuite> <!-- scripts.Scenario26 -->
