<?xml version="1.0" encoding="UTF-8"?>
<!-- Generated by org.testng.reporters.JUnitReportReporter -->
<testsuite skipped="0" hostname="LAPTOP-4RBM713T" name="scripts.Scenario18" tests="1" failures="0" timestamp="2019-10-21T12:20:26 IST" time="16.843" errors="0">
  <testcase name="execute18" time="16.843" classname="scripts.Scenario18"/>
</testsuite> <!-- scripts.Scenario18 -->
