<?xml version="1.0" encoding="UTF-8"?>
<!-- Generated by org.testng.reporters.JUnitReportReporter -->
<testsuite skipped="0" hostname="LAPTOP-4RBM713T" name="scripts.Scenario14" tests="1" failures="0" timestamp="2019-10-21T12:11:00 IST" time="19.284" errors="0">
  <testcase name="execute14" time="19.284" classname="scripts.Scenario14"/>
</testsuite> <!-- scripts.Scenario14 -->
