<?xml version="1.0" encoding="UTF-8"?>
<!-- Generated by org.testng.reporters.JUnitReportReporter -->
<testsuite skipped="0" hostname="LAPTOP-4RBM713T" name="scripts.Scenario27" tests="1" failures="0" timestamp="2019-10-21T17:45:55 IST" time="48.759" errors="0">
  <testcase name="execute26" time="48.759" classname="scripts.Scenario27"/>
</testsuite> <!-- scripts.Scenario27 -->
