<?xml version="1.0" encoding="UTF-8"?>
<!-- Generated by org.testng.reporters.JUnitReportReporter -->
<testsuite skipped="0" hostname="LAPTOP-4RBM713T" name="scripts.Scenario20" tests="1" failures="0" timestamp="2019-10-21T12:46:22 IST" time="15.674" errors="0">
  <testcase name="execute20" time="15.674" classname="scripts.Scenario20"/>
</testsuite> <!-- scripts.Scenario20 -->
